<?xml version="1.0" encoding="UTF-8"?>
<testsuite xmlns:xsi="http://www.w3.org/2001/XMLSchema-instance" xsi:noNamespaceSchemaLocation="https://maven.apache.org/surefire/maven-surefire-plugin/xsd/surefire-test-report-3.0.xsd" version="3.0" name="com.example.Login_api.LoginApiApplicationTests" time="2.542" tests="1" errors="0" skipped="0" failures="0">
  <properties>
[...]
</properties>
  <testcase name="contextLoads" classname="com.example.Login_api.LoginApiApplicationTests" time="0.709">
    <system-out><![CDATA[14:05:59.222 [main] INFO org.springframework.test.context.support.AnnotationConfigContextLoaderUtils -- Could not detect default configuration classes for test class [com.example.Login_api.LoginApiApplicationTests]: LoginApiApplicationTests does not declare any static, non-private, non-final, nested classes annotated with @Configuration.
14:05:59.306 [main] INFO org.springframework.boot.test.context.SpringBootTestContextBootstrapper -- Found @SpringBootConfiguration com.example.Login_api.LoginApiApplication for test class com.example.Login_api.LoginApiApplicationTests
14:05:59.447 [main] INFO org.springframework.boot.devtools.restart.RestartApplicationListener -- Restart disabled due to context in which it is running

  .   ____          _            __ _ _
 /\\ / ___'_ __ _ _(_)_ __  __ _ \ \ \ \
( ( )\___ | '_ | '_| | '_ \/ _` | \ \ \ \
 \\/  ___)| |_)| | | | | || (_| |  ) ) ) )
  '  |____| .__|_| |_|_| |_\__, | / / / /
 =========|_|==============|___/=/_/_/_/

 :: Spring Boot ::                (v3.3.1)

2024-07-08T14:05:59.783-03:00  INFO 21804 --- [Login-api] [           main] c.e.Login_api.LoginApiApplicationTests   : Starting LoginApiApplicationTests using Java 22.0.1 with PID 21804 (started by artur in C:\Users\artur\Documents\Login\Login-api\Login-api)
2024-07-08T14:05:59.784-03:00  INFO 21804 --- [Login-api] [           main] c.e.Login_api.LoginApiApplicationTests   : No active profile set, falling back to 1 default profile: "default"
2024-07-08T14:06:00.870-03:00  INFO 21804 --- [Login-api] [           main] c.e.Login_api.LoginApiApplicationTests   : Started LoginApiApplicationTests in 1.434 seconds (process running for 2.413)
]]></system-out>
    <system-err><![CDATA[WARNING: A Java agent has been loaded dynamically (C:\Users\artur\.m2\repository\net\bytebuddy\byte-buddy-agent\1.14.17\byte-buddy-agent-1.14.17.jar)
WARNING: If a serviceability tool is in use, please run with -XX:+EnableDynamicAgentLoading to hide this warning
WARNING: If a serviceability tool is not in use, please run with -Djdk.instrument.traceUsage for more information
WARNING: Dynamic loading of agents will be disallowed by default in a future release
]]></system-err>
  </testcase>
</testsuite>